2025-04-24 19:04:47.842  INFO 99580 --- [main] c.b.controller.ControllerApplication     : Starting ControllerApplication using Java 23.0.2 on Diegos-MacBook-Pro-7.local with PID 99580 (/Users/spiegel/Documents/PROJECTS/borkacle/controller/target/classes started by spiegel in /Users/spiegel/Documents/PROJECTS/borkacle/controller)
2025-04-24 19:04:47.843  INFO 99580 --- [main] c.b.controller.ControllerApplication     : No active profile set, falling back to 1 default profile: "default"
2025-04-24 19:04:48.084  INFO 99580 --- [main] .s.d.r.c.RepositoryConfigurationDelegate : Bootstrapping Spring Data JPA repositories in DEFAULT mode.
2025-04-24 19:04:48.111  INFO 99580 --- [main] .s.d.r.c.RepositoryConfigurationDelegate : Finished Spring Data repository scanning in 24 ms. Found 1 JPA repository interfaces.
2025-04-24 19:04:48.506  INFO 99580 --- [main] o.s.b.w.embedded.tomcat.TomcatWebServer  : Tomcat initialized with port(s): 8080 (http)
2025-04-24 19:04:48.512  INFO 99580 --- [main] o.apache.catalina.core.StandardService   : Starting service [Tomcat]
2025-04-24 19:04:48.512  INFO 99580 --- [main] org.apache.catalina.core.StandardEngine  : Starting Servlet engine: [Apache Tomcat/9.0.64]
2025-04-24 19:04:48.551  INFO 99580 --- [main] o.a.c.c.C.[Tomcat].[localhost].[/]       : Initializing Spring embedded WebApplicationContext
2025-04-24 19:04:48.551  INFO 99580 --- [main] w.s.c.ServletWebServerApplicationContext : Root WebApplicationContext: initialization completed in 676 ms
2025-04-24 19:04:48.590  INFO 99580 --- [main] c.borkacle.controller.config.DbSettings  : Oracle connection properties set successfully
2025-04-24 19:04:48.695  INFO 99580 --- [main] c.borkacle.controller.config.DbSettings  : Using Driver oracle.jdbc.OracleDriver
2025-04-24 19:04:48.696  INFO 99580 --- [main] c.borkacle.controller.config.DbSettings  : Using URL: jdbc:oracle:thin:@oraclebot_high?TNS_ADMIN=/Users/spiegel/Documents/PROJECTS/borkacle/wallet
2025-04-24 19:04:48.696  INFO 99580 --- [main] c.borkacle.controller.config.DbSettings  : Using Username: ADMIN
2025-04-24 19:04:48.771  WARN 99580 --- [main] JpaBaseConfiguration$JpaWebConfiguration : spring.jpa.open-in-view is enabled by default. Therefore, database queries may be performed during view rendering. Explicitly configure spring.jpa.open-in-view to disable this warning
2025-04-24 19:04:48.812  INFO 99580 --- [main] o.hibernate.jpa.internal.util.LogHelper  : HHH000204: Processing PersistenceUnitInfo [name: default]
2025-04-24 19:04:48.830  INFO 99580 --- [main] org.hibernate.Version                    : HHH000412: Hibernate ORM core version 5.6.9.Final
2025-04-24 19:04:48.902  INFO 99580 --- [main] o.hibernate.annotations.common.Version   : HCANN000001: Hibernate Commons Annotations {5.1.2.Final}
2025-04-24 19:04:50.044  INFO 99580 --- [main] org.hibernate.dialect.Dialect            : HHH000400: Using dialect: org.hibernate.dialect.Oracle12cDialect
2025-04-24 19:04:53.960  INFO 99580 --- [main] o.h.e.t.j.p.i.JtaPlatformInitiator       : HHH000490: Using JtaPlatform implementation: [org.hibernate.engine.transaction.jta.platform.internal.NoJtaPlatform]
2025-04-24 19:04:53.967  INFO 99580 --- [main] j.LocalContainerEntityManagerFactoryBean : Initialized JPA EntityManagerFactory for persistence unit 'default'
2025-04-24 19:04:54.370  INFO 99580 --- [main] o.s.b.a.e.web.EndpointLinksResolver      : Exposing 1 endpoint(s) beneath base path '/actuator'
2025-04-24 19:04:54.396  INFO 99580 --- [main] o.s.s.web.DefaultSecurityFilterChain     : Will secure any request with [org.springframework.security.web.session.DisableEncodeUrlFilter@3652dd19, org.springframework.security.web.context.request.async.WebAsyncManagerIntegrationFilter@6b6cf3c1, org.springframework.security.web.context.SecurityContextPersistenceFilter@5f26fc4d, org.springframework.security.web.header.HeaderWriterFilter@788fa91f, org.springframework.web.filter.CorsFilter@702e21c, org.springframework.security.web.authentication.logout.LogoutFilter@5b697993, com.borkacle.controller.security.AuthTokenFilter@5dc8448b, org.springframework.security.web.savedrequest.RequestCacheAwareFilter@1fb379e4, org.springframework.security.web.servletapi.SecurityContextHolderAwareRequestFilter@4010f232, org.springframework.security.web.authentication.AnonymousAuthenticationFilter@5c450960, org.springframework.security.web.session.SessionManagementFilter@66ce4b4, org.springframework.security.web.access.ExceptionTranslationFilter@c6653e, org.springframework.security.web.access.intercept.FilterSecurityInterceptor@33f3ebfc]
2025-04-24 19:04:54.507  INFO 99580 --- [main] o.s.b.w.embedded.tomcat.TomcatWebServer  : Tomcat started on port(s): 8080 (http) with context path ''
2025-04-24 19:04:54.514  INFO 99580 --- [main] c.b.controller.ControllerApplication     : Started ControllerApplication in 6.833 seconds (JVM running for 6.984)
2025-04-24 19:04:54.516  INFO 99580 --- [main] c.b.controller.ControllerApplication     : Testing database connection...
2025-04-24 19:04:55.103  INFO 99580 --- [main] c.b.controller.ControllerApplication     : Successfully connected to Oracle Database
2025-04-24 19:04:55.136  INFO 99580 --- [main] c.b.controller.ControllerApplication     : Database test result: Database connection test successful!
2025-04-24 19:04:55.169  INFO 99580 --- [main] c.b.controller.ControllerApplication     : Oracle version: Oracle Database 19c Enterprise Edition Release 19.0.0.0.0 - Production
2025-04-24 19:04:57.366  INFO 99580 --- [http-nio-8080-exec-1] o.a.c.c.C.[Tomcat].[localhost].[/]       : Initializing Spring DispatcherServlet 'dispatcherServlet'
2025-04-24 19:04:57.366  INFO 99580 --- [http-nio-8080-exec-1] o.s.web.servlet.DispatcherServlet        : Initializing Servlet 'dispatcherServlet'
2025-04-24 19:04:57.367  INFO 99580 --- [http-nio-8080-exec-1] o.s.web.servlet.DispatcherServlet        : Completed initialization in 1 ms
2025-04-24 19:06:21.240 ERROR 99580 --- [http-nio-8080-exec-3] o.a.c.c.C.[.[.[/].[dispatcherServlet]    : Servlet.service() for servlet [dispatcherServlet] in context with path [] threw exception [Request processing failed; nested exception is io.jsonwebtoken.security.WeakKeyException: The signing key's size is 440 bits which is not secure enough for the HS512 algorithm.  The JWT JWA Specification (RFC 7518, Section 3.2) states that keys used with HS512 MUST have a size >= 512 bits (the key size must be greater than or equal to the hash output size).  Consider using the io.jsonwebtoken.security.Keys class's 'secretKeyFor(SignatureAlgorithm.HS512)' method to create a key guaranteed to be secure enough for HS512.  See https://tools.ietf.org/html/rfc7518#section-3.2 for more information.] with root cause

io.jsonwebtoken.security.WeakKeyException: The signing key's size is 440 bits which is not secure enough for the HS512 algorithm.  The JWT JWA Specification (RFC 7518, Section 3.2) states that keys used with HS512 MUST have a size >= 512 bits (the key size must be greater than or equal to the hash output size).  Consider using the io.jsonwebtoken.security.Keys class's 'secretKeyFor(SignatureAlgorithm.HS512)' method to create a key guaranteed to be secure enough for HS512.  See https://tools.ietf.org/html/rfc7518#section-3.2 for more information.
	at io.jsonwebtoken.SignatureAlgorithm.assertValid(SignatureAlgorithm.java:387) ~[jjwt-api-0.11.5.jar:0.11.5]
	at io.jsonwebtoken.SignatureAlgorithm.assertValidSigningKey(SignatureAlgorithm.java:315) ~[jjwt-api-0.11.5.jar:0.11.5]
	at io.jsonwebtoken.impl.DefaultJwtBuilder.signWith(DefaultJwtBuilder.java:112) ~[jjwt-impl-0.11.5.jar:0.11.5]
	at com.borkacle.controller.security.JwtUtils.generateJwtToken(JwtUtils.java:31) ~[classes/:na]
	at com.borkacle.controller.controller.AuthController.authenticateUser(AuthController.java:52) ~[classes/:na]
	at java.base/jdk.internal.reflect.DirectMethodHandleAccessor.invoke(DirectMethodHandleAccessor.java:103) ~[na:na]
	at java.base/java.lang.reflect.Method.invoke(Method.java:580) ~[na:na]
	at org.springframework.web.method.support.InvocableHandlerMethod.doInvoke(InvocableHandlerMethod.java:205) ~[spring-web-5.3.21.jar:5.3.21]
	at org.springframework.web.method.support.InvocableHandlerMethod.invokeForRequest(InvocableHandlerMethod.java:150) ~[spring-web-5.3.21.jar:5.3.21]
	at org.springframework.web.servlet.mvc.method.annotation.ServletInvocableHandlerMethod.invokeAndHandle(ServletInvocableHandlerMethod.java:117) ~[spring-webmvc-5.3.21.jar:5.3.21]
	at org.springframework.web.servlet.mvc.method.annotation.RequestMappingHandlerAdapter.invokeHandlerMethod(RequestMappingHandlerAdapter.java:895) ~[spring-webmvc-5.3.21.jar:5.3.21]
	at org.springframework.web.servlet.mvc.method.annotation.RequestMappingHandlerAdapter.handleInternal(RequestMappingHandlerAdapter.java:808) ~[spring-webmvc-5.3.21.jar:5.3.21]
	at org.springframework.web.servlet.mvc.method.AbstractHandlerMethodAdapter.handle(AbstractHandlerMethodAdapter.java:87) ~[spring-webmvc-5.3.21.jar:5.3.21]
	at org.springframework.web.servlet.DispatcherServlet.doDispatch(DispatcherServlet.java:1067) ~[spring-webmvc-5.3.21.jar:5.3.21]
	at org.springframework.web.servlet.DispatcherServlet.doService(DispatcherServlet.java:963) ~[spring-webmvc-5.3.21.jar:5.3.21]
	at org.springframework.web.servlet.FrameworkServlet.processRequest(FrameworkServlet.java:1006) ~[spring-webmvc-5.3.21.jar:5.3.21]
	at org.springframework.web.servlet.FrameworkServlet.doPost(FrameworkServlet.java:909) ~[spring-webmvc-5.3.21.jar:5.3.21]
	at javax.servlet.http.HttpServlet.service(HttpServlet.java:681) ~[tomcat-embed-core-9.0.64.jar:4.0.FR]
	at org.springframework.web.servlet.FrameworkServlet.service(FrameworkServlet.java:883) ~[spring-webmvc-5.3.21.jar:5.3.21]
	at javax.servlet.http.HttpServlet.service(HttpServlet.java:764) ~[tomcat-embed-core-9.0.64.jar:4.0.FR]
	at org.apache.catalina.core.ApplicationFilterChain.internalDoFilter(ApplicationFilterChain.java:227) ~[tomcat-embed-core-9.0.64.jar:9.0.64]
	at org.apache.catalina.core.ApplicationFilterChain.doFilter(ApplicationFilterChain.java:162) ~[tomcat-embed-core-9.0.64.jar:9.0.64]
	at org.apache.tomcat.websocket.server.WsFilter.doFilter(WsFilter.java:53) ~[tomcat-embed-websocket-9.0.64.jar:9.0.64]
	at org.apache.catalina.core.ApplicationFilterChain.internalDoFilter(ApplicationFilterChain.java:189) ~[tomcat-embed-core-9.0.64.jar:9.0.64]
	at org.apache.catalina.core.ApplicationFilterChain.doFilter(ApplicationFilterChain.java:162) ~[tomcat-embed-core-9.0.64.jar:9.0.64]
	at org.springframework.web.filter.OncePerRequestFilter.doFilter(OncePerRequestFilter.java:111) ~[spring-web-5.3.21.jar:5.3.21]
	at org.apache.catalina.core.ApplicationFilterChain.internalDoFilter(ApplicationFilterChain.java:189) ~[tomcat-embed-core-9.0.64.jar:9.0.64]
	at org.apache.catalina.core.ApplicationFilterChain.doFilter(ApplicationFilterChain.java:162) ~[tomcat-embed-core-9.0.64.jar:9.0.64]
	at org.springframework.security.web.FilterChainProxy$VirtualFilterChain.doFilter(FilterChainProxy.java:327) ~[spring-security-web-5.7.2.jar:5.7.2]
	at org.springframework.security.web.access.intercept.FilterSecurityInterceptor.invoke(FilterSecurityInterceptor.java:115) ~[spring-security-web-5.7.2.jar:5.7.2]
	at org.springframework.security.web.access.intercept.FilterSecurityInterceptor.doFilter(FilterSecurityInterceptor.java:81) ~[spring-security-web-5.7.2.jar:5.7.2]
	at org.springframework.security.web.FilterChainProxy$VirtualFilterChain.doFilter(FilterChainProxy.java:336) ~[spring-security-web-5.7.2.jar:5.7.2]
	at org.springframework.security.web.access.ExceptionTranslationFilter.doFilter(ExceptionTranslationFilter.java:122) ~[spring-security-web-5.7.2.jar:5.7.2]
	at org.springframework.security.web.access.ExceptionTranslationFilter.doFilter(ExceptionTranslationFilter.java:116) ~[spring-security-web-5.7.2.jar:5.7.2]
	at org.springframework.security.web.FilterChainProxy$VirtualFilterChain.doFilter(FilterChainProxy.java:336) ~[spring-security-web-5.7.2.jar:5.7.2]
	at org.springframework.security.web.session.SessionManagementFilter.doFilter(SessionManagementFilter.java:126) ~[spring-security-web-5.7.2.jar:5.7.2]
	at org.springframework.security.web.session.SessionManagementFilter.doFilter(SessionManagementFilter.java:81) ~[spring-security-web-5.7.2.jar:5.7.2]
	at org.springframework.security.web.FilterChainProxy$VirtualFilterChain.doFilter(FilterChainProxy.java:336) ~[spring-security-web-5.7.2.jar:5.7.2]
	at org.springframework.security.web.authentication.AnonymousAuthenticationFilter.doFilter(AnonymousAuthenticationFilter.java:109) ~[spring-security-web-5.7.2.jar:5.7.2]
	at org.springframework.security.web.FilterChainProxy$VirtualFilterChain.doFilter(FilterChainProxy.java:336) ~[spring-security-web-5.7.2.jar:5.7.2]
	at org.springframework.security.web.servletapi.SecurityContextHolderAwareRequestFilter.doFilter(SecurityContextHolderAwareRequestFilter.java:149) ~[spring-security-web-5.7.2.jar:5.7.2]
	at org.springframework.security.web.FilterChainProxy$VirtualFilterChain.doFilter(FilterChainProxy.java:336) ~[spring-security-web-5.7.2.jar:5.7.2]
	at org.springframework.security.web.savedrequest.RequestCacheAwareFilter.doFilter(RequestCacheAwareFilter.java:63) ~[spring-security-web-5.7.2.jar:5.7.2]
	at org.springframework.security.web.FilterChainProxy$VirtualFilterChain.doFilter(FilterChainProxy.java:336) ~[spring-security-web-5.7.2.jar:5.7.2]
	at com.borkacle.controller.security.AuthTokenFilter.doFilterInternal(AuthTokenFilter.java:52) ~[classes/:na]
	at org.springframework.web.filter.OncePerRequestFilter.doFilter(OncePerRequestFilter.java:117) ~[spring-web-5.3.21.jar:5.3.21]
	at org.springframework.security.web.FilterChainProxy$VirtualFilterChain.doFilter(FilterChainProxy.java:336) ~[spring-security-web-5.7.2.jar:5.7.2]
	at org.springframework.security.web.authentication.logout.LogoutFilter.doFilter(LogoutFilter.java:103) ~[spring-security-web-5.7.2.jar:5.7.2]
	at org.springframework.security.web.authentication.logout.LogoutFilter.doFilter(LogoutFilter.java:89) ~[spring-security-web-5.7.2.jar:5.7.2]
	at org.springframework.security.web.FilterChainProxy$VirtualFilterChain.doFilter(FilterChainProxy.java:336) ~[spring-security-web-5.7.2.jar:5.7.2]
	at org.springframework.web.filter.CorsFilter.doFilterInternal(CorsFilter.java:91) ~[spring-web-5.3.21.jar:5.3.21]
	at org.springframework.web.filter.OncePerRequestFilter.doFilter(OncePerRequestFilter.java:117) ~[spring-web-5.3.21.jar:5.3.21]
	at org.springframework.security.web.FilterChainProxy$VirtualFilterChain.doFilter(FilterChainProxy.java:336) ~[spring-security-web-5.7.2.jar:5.7.2]
	at org.springframework.security.web.header.HeaderWriterFilter.doHeadersAfter(HeaderWriterFilter.java:90) ~[spring-security-web-5.7.2.jar:5.7.2]
	at org.springframework.security.web.header.HeaderWriterFilter.doFilterInternal(HeaderWriterFilter.java:75) ~[spring-security-web-5.7.2.jar:5.7.2]
	at org.springframework.web.filter.OncePerRequestFilter.doFilter(OncePerRequestFilter.java:117) ~[spring-web-5.3.21.jar:5.3.21]
	at org.springframework.security.web.FilterChainProxy$VirtualFilterChain.doFilter(FilterChainProxy.java:336) ~[spring-security-web-5.7.2.jar:5.7.2]
	at org.springframework.security.web.context.SecurityContextPersistenceFilter.doFilter(SecurityContextPersistenceFilter.java:112) ~[spring-security-web-5.7.2.jar:5.7.2]
	at org.springframework.security.web.context.SecurityContextPersistenceFilter.doFilter(SecurityContextPersistenceFilter.java:82) ~[spring-security-web-5.7.2.jar:5.7.2]
	at org.springframework.security.web.FilterChainProxy$VirtualFilterChain.doFilter(FilterChainProxy.java:336) ~[spring-security-web-5.7.2.jar:5.7.2]
	at org.springframework.security.web.context.request.async.WebAsyncManagerIntegrationFilter.doFilterInternal(WebAsyncManagerIntegrationFilter.java:55) ~[spring-security-web-5.7.2.jar:5.7.2]
	at org.springframework.web.filter.OncePerRequestFilter.doFilter(OncePerRequestFilter.java:117) ~[spring-web-5.3.21.jar:5.3.21]
	at org.springframework.security.web.FilterChainProxy$VirtualFilterChain.doFilter(FilterChainProxy.java:336) ~[spring-security-web-5.7.2.jar:5.7.2]
	at org.springframework.security.web.session.DisableEncodeUrlFilter.doFilterInternal(DisableEncodeUrlFilter.java:42) ~[spring-security-web-5.7.2.jar:5.7.2]
	at org.springframework.web.filter.OncePerRequestFilter.doFilter(OncePerRequestFilter.java:117) ~[spring-web-5.3.21.jar:5.3.21]
	at org.springframework.security.web.FilterChainProxy$VirtualFilterChain.doFilter(FilterChainProxy.java:336) ~[spring-security-web-5.7.2.jar:5.7.2]
	at org.springframework.security.web.FilterChainProxy.doFilterInternal(FilterChainProxy.java:211) ~[spring-security-web-5.7.2.jar:5.7.2]
	at org.springframework.security.web.FilterChainProxy.doFilter(FilterChainProxy.java:183) ~[spring-security-web-5.7.2.jar:5.7.2]
	at org.springframework.web.filter.DelegatingFilterProxy.invokeDelegate(DelegatingFilterProxy.java:354) ~[spring-web-5.3.21.jar:5.3.21]
	at org.springframework.web.filter.DelegatingFilterProxy.doFilter(DelegatingFilterProxy.java:267) ~[spring-web-5.3.21.jar:5.3.21]
	at org.apache.catalina.core.ApplicationFilterChain.internalDoFilter(ApplicationFilterChain.java:189) ~[tomcat-embed-core-9.0.64.jar:9.0.64]
	at org.apache.catalina.core.ApplicationFilterChain.doFilter(ApplicationFilterChain.java:162) ~[tomcat-embed-core-9.0.64.jar:9.0.64]
	at org.springframework.web.filter.RequestContextFilter.doFilterInternal(RequestContextFilter.java:100) ~[spring-web-5.3.21.jar:5.3.21]
	at org.springframework.web.filter.OncePerRequestFilter.doFilter(OncePerRequestFilter.java:117) ~[spring-web-5.3.21.jar:5.3.21]
	at org.apache.catalina.core.ApplicationFilterChain.internalDoFilter(ApplicationFilterChain.java:189) ~[tomcat-embed-core-9.0.64.jar:9.0.64]
	at org.apache.catalina.core.ApplicationFilterChain.doFilter(ApplicationFilterChain.java:162) ~[tomcat-embed-core-9.0.64.jar:9.0.64]
	at org.springframework.web.filter.FormContentFilter.doFilterInternal(FormContentFilter.java:93) ~[spring-web-5.3.21.jar:5.3.21]
	at org.springframework.web.filter.OncePerRequestFilter.doFilter(OncePerRequestFilter.java:117) ~[spring-web-5.3.21.jar:5.3.21]
	at org.apache.catalina.core.ApplicationFilterChain.internalDoFilter(ApplicationFilterChain.java:189) ~[tomcat-embed-core-9.0.64.jar:9.0.64]
	at org.apache.catalina.core.ApplicationFilterChain.doFilter(ApplicationFilterChain.java:162) ~[tomcat-embed-core-9.0.64.jar:9.0.64]
	at org.springframework.boot.actuate.metrics.web.servlet.WebMvcMetricsFilter.doFilterInternal(WebMvcMetricsFilter.java:96) ~[spring-boot-actuator-2.7.1.jar:2.7.1]
	at org.springframework.web.filter.OncePerRequestFilter.doFilter(OncePerRequestFilter.java:117) ~[spring-web-5.3.21.jar:5.3.21]
	at org.apache.catalina.core.ApplicationFilterChain.internalDoFilter(ApplicationFilterChain.java:189) ~[tomcat-embed-core-9.0.64.jar:9.0.64]
	at org.apache.catalina.core.ApplicationFilterChain.doFilter(ApplicationFilterChain.java:162) ~[tomcat-embed-core-9.0.64.jar:9.0.64]
	at org.springframework.web.filter.CharacterEncodingFilter.doFilterInternal(CharacterEncodingFilter.java:201) ~[spring-web-5.3.21.jar:5.3.21]
	at org.springframework.web.filter.OncePerRequestFilter.doFilter(OncePerRequestFilter.java:117) ~[spring-web-5.3.21.jar:5.3.21]
	at org.apache.catalina.core.ApplicationFilterChain.internalDoFilter(ApplicationFilterChain.java:189) ~[tomcat-embed-core-9.0.64.jar:9.0.64]
	at org.apache.catalina.core.ApplicationFilterChain.doFilter(ApplicationFilterChain.java:162) ~[tomcat-embed-core-9.0.64.jar:9.0.64]
	at org.apache.catalina.core.StandardWrapperValve.invoke(StandardWrapperValve.java:197) ~[tomcat-embed-core-9.0.64.jar:9.0.64]
	at org.apache.catalina.core.StandardContextValve.invoke(StandardContextValve.java:97) ~[tomcat-embed-core-9.0.64.jar:9.0.64]
	at org.apache.catalina.authenticator.AuthenticatorBase.invoke(AuthenticatorBase.java:541) ~[tomcat-embed-core-9.0.64.jar:9.0.64]
	at org.apache.catalina.core.StandardHostValve.invoke(StandardHostValve.java:135) ~[tomcat-embed-core-9.0.64.jar:9.0.64]
	at org.apache.catalina.valves.ErrorReportValve.invoke(ErrorReportValve.java:92) ~[tomcat-embed-core-9.0.64.jar:9.0.64]
	at org.apache.catalina.core.StandardEngineValve.invoke(StandardEngineValve.java:78) ~[tomcat-embed-core-9.0.64.jar:9.0.64]
	at org.apache.catalina.connector.CoyoteAdapter.service(CoyoteAdapter.java:360) ~[tomcat-embed-core-9.0.64.jar:9.0.64]
	at org.apache.coyote.http11.Http11Processor.service(Http11Processor.java:399) ~[tomcat-embed-core-9.0.64.jar:9.0.64]
	at org.apache.coyote.AbstractProcessorLight.process(AbstractProcessorLight.java:65) ~[tomcat-embed-core-9.0.64.jar:9.0.64]
	at org.apache.coyote.AbstractProtocol$ConnectionHandler.process(AbstractProtocol.java:890) ~[tomcat-embed-core-9.0.64.jar:9.0.64]
	at org.apache.tomcat.util.net.NioEndpoint$SocketProcessor.doRun(NioEndpoint.java:1787) ~[tomcat-embed-core-9.0.64.jar:9.0.64]
	at org.apache.tomcat.util.net.SocketProcessorBase.run(SocketProcessorBase.java:49) ~[tomcat-embed-core-9.0.64.jar:9.0.64]
	at org.apache.tomcat.util.threads.ThreadPoolExecutor.runWorker(ThreadPoolExecutor.java:1191) ~[tomcat-embed-core-9.0.64.jar:9.0.64]
	at org.apache.tomcat.util.threads.ThreadPoolExecutor$Worker.run(ThreadPoolExecutor.java:659) ~[tomcat-embed-core-9.0.64.jar:9.0.64]
	at org.apache.tomcat.util.threads.TaskThread$WrappingRunnable.run(TaskThread.java:61) ~[tomcat-embed-core-9.0.64.jar:9.0.64]
	at java.base/java.lang.Thread.run(Thread.java:1575) ~[na:na]

2025-04-24 19:06:27.500  INFO 99580 --- [SpringApplicationShutdownHook] j.LocalContainerEntityManagerFactoryBean : Closing JPA EntityManagerFactory for persistence unit 'default'
2025-04-24 19:07:00.157  INFO 239 --- [main] c.b.controller.ControllerApplication     : Starting ControllerApplication using Java 23.0.2 on Diegos-MacBook-Pro-7.local with PID 239 (/Users/spiegel/Documents/PROJECTS/borkacle/controller/target/classes started by spiegel in /Users/spiegel/Documents/PROJECTS/borkacle/controller)
2025-04-24 19:07:00.160  INFO 239 --- [main] c.b.controller.ControllerApplication     : No active profile set, falling back to 1 default profile: "default"
2025-04-24 19:07:00.389  INFO 239 --- [main] .s.d.r.c.RepositoryConfigurationDelegate : Bootstrapping Spring Data JPA repositories in DEFAULT mode.
2025-04-24 19:07:00.407  INFO 239 --- [main] .s.d.r.c.RepositoryConfigurationDelegate : Finished Spring Data repository scanning in 15 ms. Found 1 JPA repository interfaces.
2025-04-24 19:07:00.744  INFO 239 --- [main] o.s.b.w.embedded.tomcat.TomcatWebServer  : Tomcat initialized with port(s): 8080 (http)
2025-04-24 19:07:00.749  INFO 239 --- [main] o.apache.catalina.core.StandardService   : Starting service [Tomcat]
2025-04-24 19:07:00.749  INFO 239 --- [main] org.apache.catalina.core.StandardEngine  : Starting Servlet engine: [Apache Tomcat/9.0.64]
2025-04-24 19:07:00.795  INFO 239 --- [main] o.a.c.c.C.[Tomcat].[localhost].[/]       : Initializing Spring embedded WebApplicationContext
2025-04-24 19:07:00.795  INFO 239 --- [main] w.s.c.ServletWebServerApplicationContext : Root WebApplicationContext: initialization completed in 604 ms
2025-04-24 19:07:00.834  INFO 239 --- [main] c.borkacle.controller.config.DbSettings  : Oracle connection properties set successfully
2025-04-24 19:07:00.947  INFO 239 --- [main] c.borkacle.controller.config.DbSettings  : Using Driver oracle.jdbc.OracleDriver
2025-04-24 19:07:00.948  INFO 239 --- [main] c.borkacle.controller.config.DbSettings  : Using URL: jdbc:oracle:thin:@oraclebot_high?TNS_ADMIN=/Users/spiegel/Documents/PROJECTS/borkacle/wallet
2025-04-24 19:07:00.948  INFO 239 --- [main] c.borkacle.controller.config.DbSettings  : Using Username: ADMIN
2025-04-24 19:07:01.012  WARN 239 --- [main] JpaBaseConfiguration$JpaWebConfiguration : spring.jpa.open-in-view is enabled by default. Therefore, database queries may be performed during view rendering. Explicitly configure spring.jpa.open-in-view to disable this warning
2025-04-24 19:07:01.052  INFO 239 --- [main] o.hibernate.jpa.internal.util.LogHelper  : HHH000204: Processing PersistenceUnitInfo [name: default]
2025-04-24 19:07:01.070  INFO 239 --- [main] org.hibernate.Version                    : HHH000412: Hibernate ORM core version 5.6.9.Final
2025-04-24 19:07:01.144  INFO 239 --- [main] o.hibernate.annotations.common.Version   : HCANN000001: Hibernate Commons Annotations {5.1.2.Final}
2025-04-24 19:07:02.186  INFO 239 --- [main] org.hibernate.dialect.Dialect            : HHH000400: Using dialect: org.hibernate.dialect.Oracle12cDialect
2025-04-24 19:07:06.188  INFO 239 --- [main] o.h.e.t.j.p.i.JtaPlatformInitiator       : HHH000490: Using JtaPlatform implementation: [org.hibernate.engine.transaction.jta.platform.internal.NoJtaPlatform]
2025-04-24 19:07:06.202  INFO 239 --- [main] j.LocalContainerEntityManagerFactoryBean : Initialized JPA EntityManagerFactory for persistence unit 'default'
2025-04-24 19:07:06.620  INFO 239 --- [main] o.s.b.a.e.web.EndpointLinksResolver      : Exposing 1 endpoint(s) beneath base path '/actuator'
2025-04-24 19:07:06.647  INFO 239 --- [main] o.s.s.web.DefaultSecurityFilterChain     : Will secure any request with [org.springframework.security.web.session.DisableEncodeUrlFilter@5c450960, org.springframework.security.web.context.request.async.WebAsyncManagerIntegrationFilter@7c5fbde4, org.springframework.security.web.context.SecurityContextPersistenceFilter@69374e28, org.springframework.security.web.header.HeaderWriterFilter@4b74a4d, org.springframework.web.filter.CorsFilter@7021bb55, org.springframework.security.web.authentication.logout.LogoutFilter@6b7ebac1, com.borkacle.controller.security.AuthTokenFilter@3a286095, org.springframework.security.web.savedrequest.RequestCacheAwareFilter@3903cfc9, org.springframework.security.web.servletapi.SecurityContextHolderAwareRequestFilter@5cbebfba, org.springframework.security.web.authentication.AnonymousAuthenticationFilter@6023b54f, org.springframework.security.web.session.SessionManagementFilter@6dd7af2f, org.springframework.security.web.access.ExceptionTranslationFilter@6908674b, org.springframework.security.web.access.intercept.FilterSecurityInterceptor@197da701]
2025-04-24 19:07:06.774  INFO 239 --- [main] o.s.b.w.embedded.tomcat.TomcatWebServer  : Tomcat started on port(s): 8080 (http) with context path ''
2025-04-24 19:07:06.782  INFO 239 --- [main] c.b.controller.ControllerApplication     : Started ControllerApplication in 6.799 seconds (JVM running for 6.95)
2025-04-24 19:07:06.784  INFO 239 --- [main] c.b.controller.ControllerApplication     : Testing database connection...
2025-04-24 19:07:07.383  INFO 239 --- [main] c.b.controller.ControllerApplication     : Successfully connected to Oracle Database
2025-04-24 19:07:07.417  INFO 239 --- [main] c.b.controller.ControllerApplication     : Database test result: Database connection test successful!
2025-04-24 19:07:07.451  INFO 239 --- [main] c.b.controller.ControllerApplication     : Oracle version: Oracle Database 19c Enterprise Edition Release 19.0.0.0.0 - Production
2025-04-24 19:07:12.242  INFO 239 --- [http-nio-8080-exec-2] o.a.c.c.C.[Tomcat].[localhost].[/]       : Initializing Spring DispatcherServlet 'dispatcherServlet'
2025-04-24 19:07:12.243  INFO 239 --- [http-nio-8080-exec-2] o.s.web.servlet.DispatcherServlet        : Initializing Servlet 'dispatcherServlet'
2025-04-24 19:07:12.244  INFO 239 --- [http-nio-8080-exec-2] o.s.web.servlet.DispatcherServlet        : Completed initialization in 1 ms
2025-04-24 19:07:13.276 ERROR 239 --- [http-nio-8080-exec-2] o.a.c.c.C.[.[.[/].[dispatcherServlet]    : Servlet.service() for servlet [dispatcherServlet] in context with path [] threw exception [Request processing failed; nested exception is io.jsonwebtoken.security.WeakKeyException: The signing key's size is 440 bits which is not secure enough for the HS512 algorithm.  The JWT JWA Specification (RFC 7518, Section 3.2) states that keys used with HS512 MUST have a size >= 512 bits (the key size must be greater than or equal to the hash output size).  Consider using the io.jsonwebtoken.security.Keys class's 'secretKeyFor(SignatureAlgorithm.HS512)' method to create a key guaranteed to be secure enough for HS512.  See https://tools.ietf.org/html/rfc7518#section-3.2 for more information.] with root cause

io.jsonwebtoken.security.WeakKeyException: The signing key's size is 440 bits which is not secure enough for the HS512 algorithm.  The JWT JWA Specification (RFC 7518, Section 3.2) states that keys used with HS512 MUST have a size >= 512 bits (the key size must be greater than or equal to the hash output size).  Consider using the io.jsonwebtoken.security.Keys class's 'secretKeyFor(SignatureAlgorithm.HS512)' method to create a key guaranteed to be secure enough for HS512.  See https://tools.ietf.org/html/rfc7518#section-3.2 for more information.
	at io.jsonwebtoken.SignatureAlgorithm.assertValid(SignatureAlgorithm.java:387) ~[jjwt-api-0.11.5.jar:0.11.5]
	at io.jsonwebtoken.SignatureAlgorithm.assertValidSigningKey(SignatureAlgorithm.java:315) ~[jjwt-api-0.11.5.jar:0.11.5]
	at io.jsonwebtoken.impl.DefaultJwtBuilder.signWith(DefaultJwtBuilder.java:112) ~[jjwt-impl-0.11.5.jar:0.11.5]
	at com.borkacle.controller.security.JwtUtils.generateJwtToken(JwtUtils.java:31) ~[classes/:na]
	at com.borkacle.controller.controller.AuthController.authenticateUser(AuthController.java:51) ~[classes/:na]
	at java.base/jdk.internal.reflect.DirectMethodHandleAccessor.invoke(DirectMethodHandleAccessor.java:103) ~[na:na]
	at java.base/java.lang.reflect.Method.invoke(Method.java:580) ~[na:na]
	at org.springframework.web.method.support.InvocableHandlerMethod.doInvoke(InvocableHandlerMethod.java:205) ~[spring-web-5.3.21.jar:5.3.21]
	at org.springframework.web.method.support.InvocableHandlerMethod.invokeForRequest(InvocableHandlerMethod.java:150) ~[spring-web-5.3.21.jar:5.3.21]
	at org.springframework.web.servlet.mvc.method.annotation.ServletInvocableHandlerMethod.invokeAndHandle(ServletInvocableHandlerMethod.java:117) ~[spring-webmvc-5.3.21.jar:5.3.21]
	at org.springframework.web.servlet.mvc.method.annotation.RequestMappingHandlerAdapter.invokeHandlerMethod(RequestMappingHandlerAdapter.java:895) ~[spring-webmvc-5.3.21.jar:5.3.21]
	at org.springframework.web.servlet.mvc.method.annotation.RequestMappingHandlerAdapter.handleInternal(RequestMappingHandlerAdapter.java:808) ~[spring-webmvc-5.3.21.jar:5.3.21]
	at org.springframework.web.servlet.mvc.method.AbstractHandlerMethodAdapter.handle(AbstractHandlerMethodAdapter.java:87) ~[spring-webmvc-5.3.21.jar:5.3.21]
	at org.springframework.web.servlet.DispatcherServlet.doDispatch(DispatcherServlet.java:1067) ~[spring-webmvc-5.3.21.jar:5.3.21]
	at org.springframework.web.servlet.DispatcherServlet.doService(DispatcherServlet.java:963) ~[spring-webmvc-5.3.21.jar:5.3.21]
	at org.springframework.web.servlet.FrameworkServlet.processRequest(FrameworkServlet.java:1006) ~[spring-webmvc-5.3.21.jar:5.3.21]
	at org.springframework.web.servlet.FrameworkServlet.doPost(FrameworkServlet.java:909) ~[spring-webmvc-5.3.21.jar:5.3.21]
	at javax.servlet.http.HttpServlet.service(HttpServlet.java:681) ~[tomcat-embed-core-9.0.64.jar:4.0.FR]
	at org.springframework.web.servlet.FrameworkServlet.service(FrameworkServlet.java:883) ~[spring-webmvc-5.3.21.jar:5.3.21]
	at javax.servlet.http.HttpServlet.service(HttpServlet.java:764) ~[tomcat-embed-core-9.0.64.jar:4.0.FR]
	at org.apache.catalina.core.ApplicationFilterChain.internalDoFilter(ApplicationFilterChain.java:227) ~[tomcat-embed-core-9.0.64.jar:9.0.64]
	at org.apache.catalina.core.ApplicationFilterChain.doFilter(ApplicationFilterChain.java:162) ~[tomcat-embed-core-9.0.64.jar:9.0.64]
	at org.apache.tomcat.websocket.server.WsFilter.doFilter(WsFilter.java:53) ~[tomcat-embed-websocket-9.0.64.jar:9.0.64]
	at org.apache.catalina.core.ApplicationFilterChain.internalDoFilter(ApplicationFilterChain.java:189) ~[tomcat-embed-core-9.0.64.jar:9.0.64]
	at org.apache.catalina.core.ApplicationFilterChain.doFilter(ApplicationFilterChain.java:162) ~[tomcat-embed-core-9.0.64.jar:9.0.64]
	at org.springframework.web.filter.OncePerRequestFilter.doFilter(OncePerRequestFilter.java:111) ~[spring-web-5.3.21.jar:5.3.21]
	at org.apache.catalina.core.ApplicationFilterChain.internalDoFilter(ApplicationFilterChain.java:189) ~[tomcat-embed-core-9.0.64.jar:9.0.64]
	at org.apache.catalina.core.ApplicationFilterChain.doFilter(ApplicationFilterChain.java:162) ~[tomcat-embed-core-9.0.64.jar:9.0.64]
	at org.springframework.security.web.FilterChainProxy$VirtualFilterChain.doFilter(FilterChainProxy.java:327) ~[spring-security-web-5.7.2.jar:5.7.2]
	at org.springframework.security.web.access.intercept.FilterSecurityInterceptor.invoke(FilterSecurityInterceptor.java:115) ~[spring-security-web-5.7.2.jar:5.7.2]
	at org.springframework.security.web.access.intercept.FilterSecurityInterceptor.doFilter(FilterSecurityInterceptor.java:81) ~[spring-security-web-5.7.2.jar:5.7.2]
	at org.springframework.security.web.FilterChainProxy$VirtualFilterChain.doFilter(FilterChainProxy.java:336) ~[spring-security-web-5.7.2.jar:5.7.2]
	at org.springframework.security.web.access.ExceptionTranslationFilter.doFilter(ExceptionTranslationFilter.java:122) ~[spring-security-web-5.7.2.jar:5.7.2]
	at org.springframework.security.web.access.ExceptionTranslationFilter.doFilter(ExceptionTranslationFilter.java:116) ~[spring-security-web-5.7.2.jar:5.7.2]
	at org.springframework.security.web.FilterChainProxy$VirtualFilterChain.doFilter(FilterChainProxy.java:336) ~[spring-security-web-5.7.2.jar:5.7.2]
	at org.springframework.security.web.session.SessionManagementFilter.doFilter(SessionManagementFilter.java:126) ~[spring-security-web-5.7.2.jar:5.7.2]
	at org.springframework.security.web.session.SessionManagementFilter.doFilter(SessionManagementFilter.java:81) ~[spring-security-web-5.7.2.jar:5.7.2]
	at org.springframework.security.web.FilterChainProxy$VirtualFilterChain.doFilter(FilterChainProxy.java:336) ~[spring-security-web-5.7.2.jar:5.7.2]
	at org.springframework.security.web.authentication.AnonymousAuthenticationFilter.doFilter(AnonymousAuthenticationFilter.java:109) ~[spring-security-web-5.7.2.jar:5.7.2]
	at org.springframework.security.web.FilterChainProxy$VirtualFilterChain.doFilter(FilterChainProxy.java:336) ~[spring-security-web-5.7.2.jar:5.7.2]
	at org.springframework.security.web.servletapi.SecurityContextHolderAwareRequestFilter.doFilter(SecurityContextHolderAwareRequestFilter.java:149) ~[spring-security-web-5.7.2.jar:5.7.2]
	at org.springframework.security.web.FilterChainProxy$VirtualFilterChain.doFilter(FilterChainProxy.java:336) ~[spring-security-web-5.7.2.jar:5.7.2]
	at org.springframework.security.web.savedrequest.RequestCacheAwareFilter.doFilter(RequestCacheAwareFilter.java:63) ~[spring-security-web-5.7.2.jar:5.7.2]
	at org.springframework.security.web.FilterChainProxy$VirtualFilterChain.doFilter(FilterChainProxy.java:336) ~[spring-security-web-5.7.2.jar:5.7.2]
	at com.borkacle.controller.security.AuthTokenFilter.doFilterInternal(AuthTokenFilter.java:52) ~[classes/:na]
	at org.springframework.web.filter.OncePerRequestFilter.doFilter(OncePerRequestFilter.java:117) ~[spring-web-5.3.21.jar:5.3.21]
	at org.springframework.security.web.FilterChainProxy$VirtualFilterChain.doFilter(FilterChainProxy.java:336) ~[spring-security-web-5.7.2.jar:5.7.2]
	at org.springframework.security.web.authentication.logout.LogoutFilter.doFilter(LogoutFilter.java:103) ~[spring-security-web-5.7.2.jar:5.7.2]
	at org.springframework.security.web.authentication.logout.LogoutFilter.doFilter(LogoutFilter.java:89) ~[spring-security-web-5.7.2.jar:5.7.2]
	at org.springframework.security.web.FilterChainProxy$VirtualFilterChain.doFilter(FilterChainProxy.java:336) ~[spring-security-web-5.7.2.jar:5.7.2]
	at org.springframework.web.filter.CorsFilter.doFilterInternal(CorsFilter.java:91) ~[spring-web-5.3.21.jar:5.3.21]
	at org.springframework.web.filter.OncePerRequestFilter.doFilter(OncePerRequestFilter.java:117) ~[spring-web-5.3.21.jar:5.3.21]
	at org.springframework.security.web.FilterChainProxy$VirtualFilterChain.doFilter(FilterChainProxy.java:336) ~[spring-security-web-5.7.2.jar:5.7.2]
	at org.springframework.security.web.header.HeaderWriterFilter.doHeadersAfter(HeaderWriterFilter.java:90) ~[spring-security-web-5.7.2.jar:5.7.2]
	at org.springframework.security.web.header.HeaderWriterFilter.doFilterInternal(HeaderWriterFilter.java:75) ~[spring-security-web-5.7.2.jar:5.7.2]
	at org.springframework.web.filter.OncePerRequestFilter.doFilter(OncePerRequestFilter.java:117) ~[spring-web-5.3.21.jar:5.3.21]
	at org.springframework.security.web.FilterChainProxy$VirtualFilterChain.doFilter(FilterChainProxy.java:336) ~[spring-security-web-5.7.2.jar:5.7.2]
	at org.springframework.security.web.context.SecurityContextPersistenceFilter.doFilter(SecurityContextPersistenceFilter.java:112) ~[spring-security-web-5.7.2.jar:5.7.2]
	at org.springframework.security.web.context.SecurityContextPersistenceFilter.doFilter(SecurityContextPersistenceFilter.java:82) ~[spring-security-web-5.7.2.jar:5.7.2]
	at org.springframework.security.web.FilterChainProxy$VirtualFilterChain.doFilter(FilterChainProxy.java:336) ~[spring-security-web-5.7.2.jar:5.7.2]
	at org.springframework.security.web.context.request.async.WebAsyncManagerIntegrationFilter.doFilterInternal(WebAsyncManagerIntegrationFilter.java:55) ~[spring-security-web-5.7.2.jar:5.7.2]
	at org.springframework.web.filter.OncePerRequestFilter.doFilter(OncePerRequestFilter.java:117) ~[spring-web-5.3.21.jar:5.3.21]
	at org.springframework.security.web.FilterChainProxy$VirtualFilterChain.doFilter(FilterChainProxy.java:336) ~[spring-security-web-5.7.2.jar:5.7.2]
	at org.springframework.security.web.session.DisableEncodeUrlFilter.doFilterInternal(DisableEncodeUrlFilter.java:42) ~[spring-security-web-5.7.2.jar:5.7.2]
	at org.springframework.web.filter.OncePerRequestFilter.doFilter(OncePerRequestFilter.java:117) ~[spring-web-5.3.21.jar:5.3.21]
	at org.springframework.security.web.FilterChainProxy$VirtualFilterChain.doFilter(FilterChainProxy.java:336) ~[spring-security-web-5.7.2.jar:5.7.2]
	at org.springframework.security.web.FilterChainProxy.doFilterInternal(FilterChainProxy.java:211) ~[spring-security-web-5.7.2.jar:5.7.2]
	at org.springframework.security.web.FilterChainProxy.doFilter(FilterChainProxy.java:183) ~[spring-security-web-5.7.2.jar:5.7.2]
	at org.springframework.web.filter.DelegatingFilterProxy.invokeDelegate(DelegatingFilterProxy.java:354) ~[spring-web-5.3.21.jar:5.3.21]
	at org.springframework.web.filter.DelegatingFilterProxy.doFilter(DelegatingFilterProxy.java:267) ~[spring-web-5.3.21.jar:5.3.21]
	at org.apache.catalina.core.ApplicationFilterChain.internalDoFilter(ApplicationFilterChain.java:189) ~[tomcat-embed-core-9.0.64.jar:9.0.64]
	at org.apache.catalina.core.ApplicationFilterChain.doFilter(ApplicationFilterChain.java:162) ~[tomcat-embed-core-9.0.64.jar:9.0.64]
	at org.springframework.web.filter.RequestContextFilter.doFilterInternal(RequestContextFilter.java:100) ~[spring-web-5.3.21.jar:5.3.21]
	at org.springframework.web.filter.OncePerRequestFilter.doFilter(OncePerRequestFilter.java:117) ~[spring-web-5.3.21.jar:5.3.21]
	at org.apache.catalina.core.ApplicationFilterChain.internalDoFilter(ApplicationFilterChain.java:189) ~[tomcat-embed-core-9.0.64.jar:9.0.64]
	at org.apache.catalina.core.ApplicationFilterChain.doFilter(ApplicationFilterChain.java:162) ~[tomcat-embed-core-9.0.64.jar:9.0.64]
	at org.springframework.web.filter.FormContentFilter.doFilterInternal(FormContentFilter.java:93) ~[spring-web-5.3.21.jar:5.3.21]
	at org.springframework.web.filter.OncePerRequestFilter.doFilter(OncePerRequestFilter.java:117) ~[spring-web-5.3.21.jar:5.3.21]
	at org.apache.catalina.core.ApplicationFilterChain.internalDoFilter(ApplicationFilterChain.java:189) ~[tomcat-embed-core-9.0.64.jar:9.0.64]
	at org.apache.catalina.core.ApplicationFilterChain.doFilter(ApplicationFilterChain.java:162) ~[tomcat-embed-core-9.0.64.jar:9.0.64]
	at org.springframework.boot.actuate.metrics.web.servlet.WebMvcMetricsFilter.doFilterInternal(WebMvcMetricsFilter.java:96) ~[spring-boot-actuator-2.7.1.jar:2.7.1]
	at org.springframework.web.filter.OncePerRequestFilter.doFilter(OncePerRequestFilter.java:117) ~[spring-web-5.3.21.jar:5.3.21]
	at org.apache.catalina.core.ApplicationFilterChain.internalDoFilter(ApplicationFilterChain.java:189) ~[tomcat-embed-core-9.0.64.jar:9.0.64]
	at org.apache.catalina.core.ApplicationFilterChain.doFilter(ApplicationFilterChain.java:162) ~[tomcat-embed-core-9.0.64.jar:9.0.64]
	at org.springframework.web.filter.CharacterEncodingFilter.doFilterInternal(CharacterEncodingFilter.java:201) ~[spring-web-5.3.21.jar:5.3.21]
	at org.springframework.web.filter.OncePerRequestFilter.doFilter(OncePerRequestFilter.java:117) ~[spring-web-5.3.21.jar:5.3.21]
	at org.apache.catalina.core.ApplicationFilterChain.internalDoFilter(ApplicationFilterChain.java:189) ~[tomcat-embed-core-9.0.64.jar:9.0.64]
	at org.apache.catalina.core.ApplicationFilterChain.doFilter(ApplicationFilterChain.java:162) ~[tomcat-embed-core-9.0.64.jar:9.0.64]
	at org.apache.catalina.core.StandardWrapperValve.invoke(StandardWrapperValve.java:197) ~[tomcat-embed-core-9.0.64.jar:9.0.64]
	at org.apache.catalina.core.StandardContextValve.invoke(StandardContextValve.java:97) ~[tomcat-embed-core-9.0.64.jar:9.0.64]
	at org.apache.catalina.authenticator.AuthenticatorBase.invoke(AuthenticatorBase.java:541) ~[tomcat-embed-core-9.0.64.jar:9.0.64]
	at org.apache.catalina.core.StandardHostValve.invoke(StandardHostValve.java:135) ~[tomcat-embed-core-9.0.64.jar:9.0.64]
	at org.apache.catalina.valves.ErrorReportValve.invoke(ErrorReportValve.java:92) ~[tomcat-embed-core-9.0.64.jar:9.0.64]
	at org.apache.catalina.core.StandardEngineValve.invoke(StandardEngineValve.java:78) ~[tomcat-embed-core-9.0.64.jar:9.0.64]
	at org.apache.catalina.connector.CoyoteAdapter.service(CoyoteAdapter.java:360) ~[tomcat-embed-core-9.0.64.jar:9.0.64]
	at org.apache.coyote.http11.Http11Processor.service(Http11Processor.java:399) ~[tomcat-embed-core-9.0.64.jar:9.0.64]
	at org.apache.coyote.AbstractProcessorLight.process(AbstractProcessorLight.java:65) ~[tomcat-embed-core-9.0.64.jar:9.0.64]
	at org.apache.coyote.AbstractProtocol$ConnectionHandler.process(AbstractProtocol.java:890) ~[tomcat-embed-core-9.0.64.jar:9.0.64]
	at org.apache.tomcat.util.net.NioEndpoint$SocketProcessor.doRun(NioEndpoint.java:1787) ~[tomcat-embed-core-9.0.64.jar:9.0.64]
	at org.apache.tomcat.util.net.SocketProcessorBase.run(SocketProcessorBase.java:49) ~[tomcat-embed-core-9.0.64.jar:9.0.64]
	at org.apache.tomcat.util.threads.ThreadPoolExecutor.runWorker(ThreadPoolExecutor.java:1191) ~[tomcat-embed-core-9.0.64.jar:9.0.64]
	at org.apache.tomcat.util.threads.ThreadPoolExecutor$Worker.run(ThreadPoolExecutor.java:659) ~[tomcat-embed-core-9.0.64.jar:9.0.64]
	at org.apache.tomcat.util.threads.TaskThread$WrappingRunnable.run(TaskThread.java:61) ~[tomcat-embed-core-9.0.64.jar:9.0.64]
	at java.base/java.lang.Thread.run(Thread.java:1575) ~[na:na]

2025-04-24 19:08:03.141  INFO 239 --- [SpringApplicationShutdownHook] j.LocalContainerEntityManagerFactoryBean : Closing JPA EntityManagerFactory for persistence unit 'default'
2025-04-24 19:08:22.523  INFO 743 --- [main] c.b.controller.ControllerApplication     : Starting ControllerApplication using Java 23.0.2 on Diegos-MacBook-Pro-7.local with PID 743 (/Users/spiegel/Documents/PROJECTS/borkacle/controller/target/classes started by spiegel in /Users/spiegel/Documents/PROJECTS/borkacle/controller)
2025-04-24 19:08:22.524  INFO 743 --- [main] c.b.controller.ControllerApplication     : No active profile set, falling back to 1 default profile: "default"
2025-04-24 19:08:22.781  INFO 743 --- [main] .s.d.r.c.RepositoryConfigurationDelegate : Bootstrapping Spring Data JPA repositories in DEFAULT mode.
2025-04-24 19:08:22.800  INFO 743 --- [main] .s.d.r.c.RepositoryConfigurationDelegate : Finished Spring Data repository scanning in 15 ms. Found 1 JPA repository interfaces.
2025-04-24 19:08:23.159  INFO 743 --- [main] o.s.b.w.embedded.tomcat.TomcatWebServer  : Tomcat initialized with port(s): 8080 (http)
2025-04-24 19:08:23.164  INFO 743 --- [main] o.apache.catalina.core.StandardService   : Starting service [Tomcat]
2025-04-24 19:08:23.164  INFO 743 --- [main] org.apache.catalina.core.StandardEngine  : Starting Servlet engine: [Apache Tomcat/9.0.64]
2025-04-24 19:08:23.209  INFO 743 --- [main] o.a.c.c.C.[Tomcat].[localhost].[/]       : Initializing Spring embedded WebApplicationContext
2025-04-24 19:08:23.209  INFO 743 --- [main] w.s.c.ServletWebServerApplicationContext : Root WebApplicationContext: initialization completed in 651 ms
2025-04-24 19:08:23.245  INFO 743 --- [main] c.borkacle.controller.config.DbSettings  : Oracle connection properties set successfully
2025-04-24 19:08:23.357  INFO 743 --- [main] c.borkacle.controller.config.DbSettings  : Using Driver oracle.jdbc.OracleDriver
2025-04-24 19:08:23.357  INFO 743 --- [main] c.borkacle.controller.config.DbSettings  : Using URL: jdbc:oracle:thin:@oraclebot_high?TNS_ADMIN=/Users/spiegel/Documents/PROJECTS/borkacle/wallet
2025-04-24 19:08:23.357  INFO 743 --- [main] c.borkacle.controller.config.DbSettings  : Using Username: ADMIN
2025-04-24 19:08:23.425  WARN 743 --- [main] JpaBaseConfiguration$JpaWebConfiguration : spring.jpa.open-in-view is enabled by default. Therefore, database queries may be performed during view rendering. Explicitly configure spring.jpa.open-in-view to disable this warning
2025-04-24 19:08:23.466  INFO 743 --- [main] o.hibernate.jpa.internal.util.LogHelper  : HHH000204: Processing PersistenceUnitInfo [name: default]
2025-04-24 19:08:23.485  INFO 743 --- [main] org.hibernate.Version                    : HHH000412: Hibernate ORM core version 5.6.9.Final
2025-04-24 19:08:23.565  INFO 743 --- [main] o.hibernate.annotations.common.Version   : HCANN000001: Hibernate Commons Annotations {5.1.2.Final}
2025-04-24 19:08:24.479  INFO 743 --- [main] org.hibernate.dialect.Dialect            : HHH000400: Using dialect: org.hibernate.dialect.Oracle12cDialect
2025-04-24 19:08:27.873  INFO 743 --- [main] o.h.e.t.j.p.i.JtaPlatformInitiator       : HHH000490: Using JtaPlatform implementation: [org.hibernate.engine.transaction.jta.platform.internal.NoJtaPlatform]
2025-04-24 19:08:27.887  INFO 743 --- [main] j.LocalContainerEntityManagerFactoryBean : Initialized JPA EntityManagerFactory for persistence unit 'default'
2025-04-24 19:08:28.094  INFO 743 --- [main] c.borkacle.controller.security.JwtUtils  : JWT key initialized successfully
2025-04-24 19:08:28.363  INFO 743 --- [main] o.s.b.a.e.web.EndpointLinksResolver      : Exposing 1 endpoint(s) beneath base path '/actuator'
2025-04-24 19:08:28.392  INFO 743 --- [main] o.s.s.web.DefaultSecurityFilterChain     : Will secure any request with [org.springframework.security.web.session.DisableEncodeUrlFilter@11f752d1, org.springframework.security.web.context.request.async.WebAsyncManagerIntegrationFilter@5eaa4ed0, org.springframework.security.web.context.SecurityContextPersistenceFilter@47f677a4, org.springframework.security.web.header.HeaderWriterFilter@7f5c4ff8, org.springframework.web.filter.CorsFilter@462deb2b, org.springframework.security.web.authentication.logout.LogoutFilter@1a4564a2, com.borkacle.controller.security.AuthTokenFilter@4d1f168, org.springframework.security.web.savedrequest.RequestCacheAwareFilter@1a0e5c0c, org.springframework.security.web.servletapi.SecurityContextHolderAwareRequestFilter@f047670, org.springframework.security.web.authentication.AnonymousAuthenticationFilter@381c826c, org.springframework.security.web.session.SessionManagementFilter@45f4c27c, org.springframework.security.web.access.ExceptionTranslationFilter@4f0f56f5, org.springframework.security.web.access.intercept.FilterSecurityInterceptor@2a41d17a]
2025-04-24 19:08:28.493  INFO 743 --- [main] o.s.b.w.embedded.tomcat.TomcatWebServer  : Tomcat started on port(s): 8080 (http) with context path ''
2025-04-24 19:08:28.499  INFO 743 --- [main] c.b.controller.ControllerApplication     : Started ControllerApplication in 6.147 seconds (JVM running for 6.304)
2025-04-24 19:08:28.501  INFO 743 --- [main] c.b.controller.ControllerApplication     : Testing database connection...
2025-04-24 19:08:29.046  INFO 743 --- [main] c.b.controller.ControllerApplication     : Successfully connected to Oracle Database
2025-04-24 19:08:29.081  INFO 743 --- [main] c.b.controller.ControllerApplication     : Database test result: Database connection test successful!
2025-04-24 19:08:29.116  INFO 743 --- [main] c.b.controller.ControllerApplication     : Oracle version: Oracle Database 19c Enterprise Edition Release 19.0.0.0.0 - Production
2025-04-24 19:08:43.698  INFO 743 --- [http-nio-8080-exec-2] o.a.c.c.C.[Tomcat].[localhost].[/]       : Initializing Spring DispatcherServlet 'dispatcherServlet'
2025-04-24 19:08:43.699  INFO 743 --- [http-nio-8080-exec-2] o.s.web.servlet.DispatcherServlet        : Initializing Servlet 'dispatcherServlet'
2025-04-24 19:08:43.700  INFO 743 --- [http-nio-8080-exec-2] o.s.web.servlet.DispatcherServlet        : Completed initialization in 1 ms
2025-04-24 19:08:57.861  INFO 743 --- [SpringApplicationShutdownHook] j.LocalContainerEntityManagerFactoryBean : Closing JPA EntityManagerFactory for persistence unit 'default'
2025-04-24 19:09:10.865  INFO 955 --- [main] c.b.controller.ControllerApplication     : Starting ControllerApplication using Java 23.0.2 on Diegos-MacBook-Pro-7.local with PID 955 (/Users/spiegel/Documents/PROJECTS/borkacle/controller/target/classes started by spiegel in /Users/spiegel/Documents/PROJECTS/borkacle/controller)
2025-04-24 19:09:10.866  INFO 955 --- [main] c.b.controller.ControllerApplication     : No active profile set, falling back to 1 default profile: "default"
2025-04-24 19:09:11.086  INFO 955 --- [main] .s.d.r.c.RepositoryConfigurationDelegate : Bootstrapping Spring Data JPA repositories in DEFAULT mode.
2025-04-24 19:09:11.102  INFO 955 --- [main] .s.d.r.c.RepositoryConfigurationDelegate : Finished Spring Data repository scanning in 13 ms. Found 1 JPA repository interfaces.
2025-04-24 19:09:11.420  INFO 955 --- [main] o.s.b.w.embedded.tomcat.TomcatWebServer  : Tomcat initialized with port(s): 8080 (http)
2025-04-24 19:09:11.424  INFO 955 --- [main] o.apache.catalina.core.StandardService   : Starting service [Tomcat]
2025-04-24 19:09:11.424  INFO 955 --- [main] org.apache.catalina.core.StandardEngine  : Starting Servlet engine: [Apache Tomcat/9.0.64]
2025-04-24 19:09:11.456  INFO 955 --- [main] o.a.c.c.C.[Tomcat].[localhost].[/]       : Initializing Spring embedded WebApplicationContext
2025-04-24 19:09:11.456  INFO 955 --- [main] w.s.c.ServletWebServerApplicationContext : Root WebApplicationContext: initialization completed in 561 ms
2025-04-24 19:09:11.485  INFO 955 --- [main] c.borkacle.controller.config.DbSettings  : Oracle connection properties set successfully
2025-04-24 19:09:11.583  INFO 955 --- [main] c.borkacle.controller.config.DbSettings  : Using Driver oracle.jdbc.OracleDriver
2025-04-24 19:09:11.584  INFO 955 --- [main] c.borkacle.controller.config.DbSettings  : Using URL: jdbc:oracle:thin:@oraclebot_high?TNS_ADMIN=/Users/spiegel/Documents/PROJECTS/borkacle/wallet
2025-04-24 19:09:11.584  INFO 955 --- [main] c.borkacle.controller.config.DbSettings  : Using Username: ADMIN
2025-04-24 19:09:11.642  WARN 955 --- [main] JpaBaseConfiguration$JpaWebConfiguration : spring.jpa.open-in-view is enabled by default. Therefore, database queries may be performed during view rendering. Explicitly configure spring.jpa.open-in-view to disable this warning
2025-04-24 19:09:11.678  INFO 955 --- [main] o.hibernate.jpa.internal.util.LogHelper  : HHH000204: Processing PersistenceUnitInfo [name: default]
2025-04-24 19:09:11.696  INFO 955 --- [main] org.hibernate.Version                    : HHH000412: Hibernate ORM core version 5.6.9.Final
2025-04-24 19:09:11.774  INFO 955 --- [main] o.hibernate.annotations.common.Version   : HCANN000001: Hibernate Commons Annotations {5.1.2.Final}
2025-04-24 19:09:12.736  INFO 955 --- [main] org.hibernate.dialect.Dialect            : HHH000400: Using dialect: org.hibernate.dialect.Oracle12cDialect
2025-04-24 19:09:16.248  INFO 955 --- [main] o.h.e.t.j.p.i.JtaPlatformInitiator       : HHH000490: Using JtaPlatform implementation: [org.hibernate.engine.transaction.jta.platform.internal.NoJtaPlatform]
2025-04-24 19:09:16.257  INFO 955 --- [main] j.LocalContainerEntityManagerFactoryBean : Initialized JPA EntityManagerFactory for persistence unit 'default'
2025-04-24 19:09:16.469  INFO 955 --- [main] c.borkacle.controller.security.JwtUtils  : JWT key initialized successfully
2025-04-24 19:09:16.653  INFO 955 --- [main] o.s.b.a.e.web.EndpointLinksResolver      : Exposing 1 endpoint(s) beneath base path '/actuator'
2025-04-24 19:09:16.680  INFO 955 --- [main] o.s.s.web.DefaultSecurityFilterChain     : Will secure any request with [org.springframework.security.web.session.DisableEncodeUrlFilter@2a41d17a, org.springframework.security.web.context.request.async.WebAsyncManagerIntegrationFilter@58a5b69c, org.springframework.security.web.context.SecurityContextPersistenceFilter@7f5c4ff8, org.springframework.security.web.header.HeaderWriterFilter@7d7888a5, org.springframework.web.filter.CorsFilter@3b22bcad, org.springframework.security.web.authentication.logout.LogoutFilter@5f93ec02, com.borkacle.controller.security.AuthTokenFilter@5134a7d6, org.springframework.security.web.savedrequest.RequestCacheAwareFilter@431f8830, org.springframework.security.web.servletapi.SecurityContextHolderAwareRequestFilter@1d9cac6e, org.springframework.security.web.authentication.AnonymousAuthenticationFilter@735dc133, org.springframework.security.web.session.SessionManagementFilter@5cbaafbd, org.springframework.security.web.access.ExceptionTranslationFilter@7ffb0bb4, org.springframework.security.web.access.intercept.FilterSecurityInterceptor@e09c7a2]
2025-04-24 19:09:16.786  INFO 955 --- [main] o.s.b.w.embedded.tomcat.TomcatWebServer  : Tomcat started on port(s): 8080 (http) with context path ''
2025-04-24 19:09:16.793  INFO 955 --- [main] c.b.controller.ControllerApplication     : Started ControllerApplication in 6.076 seconds (JVM running for 6.241)
2025-04-24 19:09:16.795  INFO 955 --- [main] c.b.controller.ControllerApplication     : Testing database connection...
2025-04-24 19:09:17.360  INFO 955 --- [main] c.b.controller.ControllerApplication     : Successfully connected to Oracle Database
2025-04-24 19:09:17.395  INFO 955 --- [main] c.b.controller.ControllerApplication     : Database test result: Database connection test successful!
2025-04-24 19:09:17.433  INFO 955 --- [main] c.b.controller.ControllerApplication     : Oracle version: Oracle Database 19c Enterprise Edition Release 19.0.0.0.0 - Production
2025-04-24 19:10:12.968  INFO 955 --- [SpringApplicationShutdownHook] j.LocalContainerEntityManagerFactoryBean : Closing JPA EntityManagerFactory for persistence unit 'default'
2025-04-24 19:10:18.758  INFO 1203 --- [main] c.b.controller.ControllerApplication     : Starting ControllerApplication using Java 23.0.2 on Diegos-MacBook-Pro-7.local with PID 1203 (/Users/spiegel/Documents/PROJECTS/borkacle/controller/target/classes started by spiegel in /Users/spiegel/Documents/PROJECTS/borkacle/controller)
2025-04-24 19:10:18.759  INFO 1203 --- [main] c.b.controller.ControllerApplication     : No active profile set, falling back to 1 default profile: "default"
2025-04-24 19:10:19.017  INFO 1203 --- [main] .s.d.r.c.RepositoryConfigurationDelegate : Bootstrapping Spring Data JPA repositories in DEFAULT mode.
2025-04-24 19:10:19.039  INFO 1203 --- [main] .s.d.r.c.RepositoryConfigurationDelegate : Finished Spring Data repository scanning in 18 ms. Found 1 JPA repository interfaces.
2025-04-24 19:10:19.509  INFO 1203 --- [main] o.s.b.w.embedded.tomcat.TomcatWebServer  : Tomcat initialized with port(s): 8080 (http)
2025-04-24 19:10:19.514  INFO 1203 --- [main] o.apache.catalina.core.StandardService   : Starting service [Tomcat]
2025-04-24 19:10:19.514  INFO 1203 --- [main] org.apache.catalina.core.StandardEngine  : Starting Servlet engine: [Apache Tomcat/9.0.64]
2025-04-24 19:10:19.558  INFO 1203 --- [main] o.a.c.c.C.[Tomcat].[localhost].[/]       : Initializing Spring embedded WebApplicationContext
2025-04-24 19:10:19.558  INFO 1203 --- [main] w.s.c.ServletWebServerApplicationContext : Root WebApplicationContext: initialization completed in 762 ms
2025-04-24 19:10:19.591  INFO 1203 --- [main] c.borkacle.controller.config.DbSettings  : Oracle connection properties set successfully
2025-04-24 19:10:19.707  INFO 1203 --- [main] c.borkacle.controller.config.DbSettings  : Using Driver oracle.jdbc.OracleDriver
2025-04-24 19:10:19.708  INFO 1203 --- [main] c.borkacle.controller.config.DbSettings  : Using URL: jdbc:oracle:thin:@oraclebot_high?TNS_ADMIN=/Users/spiegel/Documents/PROJECTS/borkacle/wallet
2025-04-24 19:10:19.708  INFO 1203 --- [main] c.borkacle.controller.config.DbSettings  : Using Username: ADMIN
2025-04-24 19:10:19.779  WARN 1203 --- [main] JpaBaseConfiguration$JpaWebConfiguration : spring.jpa.open-in-view is enabled by default. Therefore, database queries may be performed during view rendering. Explicitly configure spring.jpa.open-in-view to disable this warning
2025-04-24 19:10:19.816  INFO 1203 --- [main] o.hibernate.jpa.internal.util.LogHelper  : HHH000204: Processing PersistenceUnitInfo [name: default]
2025-04-24 19:10:19.833  INFO 1203 --- [main] org.hibernate.Version                    : HHH000412: Hibernate ORM core version 5.6.9.Final
2025-04-24 19:10:19.899  INFO 1203 --- [main] o.hibernate.annotations.common.Version   : HCANN000001: Hibernate Commons Annotations {5.1.2.Final}
2025-04-24 19:10:20.876  INFO 1203 --- [main] org.hibernate.dialect.Dialect            : HHH000400: Using dialect: org.hibernate.dialect.Oracle12cDialect
2025-04-24 19:10:24.188  INFO 1203 --- [main] o.h.e.t.j.p.i.JtaPlatformInitiator       : HHH000490: Using JtaPlatform implementation: [org.hibernate.engine.transaction.jta.platform.internal.NoJtaPlatform]
2025-04-24 19:10:24.193  INFO 1203 --- [main] j.LocalContainerEntityManagerFactoryBean : Initialized JPA EntityManagerFactory for persistence unit 'default'
2025-04-24 19:10:24.399  INFO 1203 --- [main] c.borkacle.controller.security.JwtUtils  : JWT key initialized successfully
2025-04-24 19:10:24.603  INFO 1203 --- [main] o.s.b.a.e.web.EndpointLinksResolver      : Exposing 1 endpoint(s) beneath base path '/actuator'
2025-04-24 19:10:24.632  INFO 1203 --- [main] o.s.s.web.DefaultSecurityFilterChain     : Will secure any request with [org.springframework.security.web.session.DisableEncodeUrlFilter@5dd5422f, org.springframework.security.web.context.request.async.WebAsyncManagerIntegrationFilter@158b8d10, org.springframework.security.web.context.SecurityContextPersistenceFilter@431f8830, org.springframework.security.web.header.HeaderWriterFilter@4accc3de, org.springframework.web.filter.CorsFilter@e594c46, org.springframework.security.web.authentication.logout.LogoutFilter@4e22dadb, com.borkacle.controller.security.AuthTokenFilter@72c29d87, org.springframework.security.web.savedrequest.RequestCacheAwareFilter@6805415d, org.springframework.security.web.servletapi.SecurityContextHolderAwareRequestFilter@55a2ca5e, org.springframework.security.web.authentication.AnonymousAuthenticationFilter@1cd853ee, org.springframework.security.web.session.SessionManagementFilter@6edb093f, org.springframework.security.web.access.ExceptionTranslationFilter@7d7888a5, org.springframework.security.web.access.intercept.FilterSecurityInterceptor@154cbb46]
2025-04-24 19:10:24.758  INFO 1203 --- [main] o.s.b.w.embedded.tomcat.TomcatWebServer  : Tomcat started on port(s): 8080 (http) with context path ''
2025-04-24 19:10:24.766  INFO 1203 --- [main] c.b.controller.ControllerApplication     : Started ControllerApplication in 6.187 seconds (JVM running for 6.343)
2025-04-24 19:10:24.768  INFO 1203 --- [main] c.b.controller.ControllerApplication     : Testing database connection...
2025-04-24 19:10:25.309  INFO 1203 --- [main] c.b.controller.ControllerApplication     : Successfully connected to Oracle Database
2025-04-24 19:10:25.343  INFO 1203 --- [main] c.b.controller.ControllerApplication     : Database test result: Database connection test successful!
2025-04-24 19:10:25.377  INFO 1203 --- [main] c.b.controller.ControllerApplication     : Oracle version: Oracle Database 19c Enterprise Edition Release 19.0.0.0.0 - Production
2025-04-24 19:12:37.004  INFO 1203 --- [http-nio-8080-exec-2] o.a.c.c.C.[Tomcat].[localhost].[/]       : Initializing Spring DispatcherServlet 'dispatcherServlet'
2025-04-24 19:12:37.004  INFO 1203 --- [http-nio-8080-exec-2] o.s.web.servlet.DispatcherServlet        : Initializing Servlet 'dispatcherServlet'
2025-04-24 19:12:37.005  INFO 1203 --- [http-nio-8080-exec-2] o.s.web.servlet.DispatcherServlet        : Completed initialization in 1 ms
2025-04-24 19:13:53.273  INFO 1203 --- [SpringApplicationShutdownHook] j.LocalContainerEntityManagerFactoryBean : Closing JPA EntityManagerFactory for persistence unit 'default'
2025-04-24 19:24:26.469  INFO 4425 --- [main] c.b.controller.ControllerApplication     : Starting ControllerApplication using Java 23.0.2 on Diegos-MacBook-Pro-7.local with PID 4425 (/Users/spiegel/Documents/PROJECTS/borkacle/controller/target/classes started by spiegel in /Users/spiegel/Documents/PROJECTS/borkacle/controller)
2025-04-24 19:24:26.470  INFO 4425 --- [main] c.b.controller.ControllerApplication     : No active profile set, falling back to 1 default profile: "default"
2025-04-24 19:24:26.725  INFO 4425 --- [main] .s.d.r.c.RepositoryConfigurationDelegate : Bootstrapping Spring Data JPA repositories in DEFAULT mode.
2025-04-24 19:24:26.744  INFO 4425 --- [main] .s.d.r.c.RepositoryConfigurationDelegate : Finished Spring Data repository scanning in 15 ms. Found 1 JPA repository interfaces.
2025-04-24 19:24:27.102  INFO 4425 --- [main] o.s.b.w.embedded.tomcat.TomcatWebServer  : Tomcat initialized with port(s): 8080 (http)
2025-04-24 19:24:27.107  INFO 4425 --- [main] o.apache.catalina.core.StandardService   : Starting service [Tomcat]
2025-04-24 19:24:27.107  INFO 4425 --- [main] org.apache.catalina.core.StandardEngine  : Starting Servlet engine: [Apache Tomcat/9.0.64]
2025-04-24 19:24:27.150  INFO 4425 --- [main] o.a.c.c.C.[Tomcat].[localhost].[/]       : Initializing Spring embedded WebApplicationContext
2025-04-24 19:24:27.150  INFO 4425 --- [main] w.s.c.ServletWebServerApplicationContext : Root WebApplicationContext: initialization completed in 646 ms
2025-04-24 19:24:27.186  INFO 4425 --- [main] c.borkacle.controller.config.DbSettings  : Oracle connection properties set successfully
2025-04-24 19:24:27.311  INFO 4425 --- [main] c.borkacle.controller.config.DbSettings  : Using Driver oracle.jdbc.OracleDriver
2025-04-24 19:24:27.311  INFO 4425 --- [main] c.borkacle.controller.config.DbSettings  : Using URL: jdbc:oracle:thin:@oraclebot_high?TNS_ADMIN=/Users/spiegel/Documents/PROJECTS/borkacle/wallet
2025-04-24 19:24:27.311  INFO 4425 --- [main] c.borkacle.controller.config.DbSettings  : Using Username: ADMIN
2025-04-24 19:24:27.376  WARN 4425 --- [main] JpaBaseConfiguration$JpaWebConfiguration : spring.jpa.open-in-view is enabled by default. Therefore, database queries may be performed during view rendering. Explicitly configure spring.jpa.open-in-view to disable this warning
2025-04-24 19:24:27.421  INFO 4425 --- [main] o.hibernate.jpa.internal.util.LogHelper  : HHH000204: Processing PersistenceUnitInfo [name: default]
2025-04-24 19:24:27.446  INFO 4425 --- [main] org.hibernate.Version                    : HHH000412: Hibernate ORM core version 5.6.9.Final
2025-04-24 19:24:27.532  INFO 4425 --- [main] o.hibernate.annotations.common.Version   : HCANN000001: Hibernate Commons Annotations {5.1.2.Final}
2025-04-24 19:24:28.550  INFO 4425 --- [main] org.hibernate.dialect.Dialect            : HHH000400: Using dialect: org.hibernate.dialect.Oracle12cDialect
2025-04-24 19:24:32.190  INFO 4425 --- [main] o.h.e.t.j.p.i.JtaPlatformInitiator       : HHH000490: Using JtaPlatform implementation: [org.hibernate.engine.transaction.jta.platform.internal.NoJtaPlatform]
2025-04-24 19:24:32.201  INFO 4425 --- [main] j.LocalContainerEntityManagerFactoryBean : Initialized JPA EntityManagerFactory for persistence unit 'default'
2025-04-24 19:24:32.425  INFO 4425 --- [main] c.borkacle.controller.security.JwtUtils  : JWT key initialized successfully
2025-04-24 19:24:32.631  INFO 4425 --- [main] o.s.b.a.e.web.EndpointLinksResolver      : Exposing 1 endpoint(s) beneath base path '/actuator'
2025-04-24 19:24:32.658  INFO 4425 --- [main] o.s.s.web.DefaultSecurityFilterChain     : Will secure any request with [org.springframework.security.web.session.DisableEncodeUrlFilter@289b7efe, org.springframework.security.web.context.request.async.WebAsyncManagerIntegrationFilter@34ac72c3, org.springframework.security.web.context.SecurityContextPersistenceFilter@24be6e34, org.springframework.security.web.header.HeaderWriterFilter@3e8eea59, org.springframework.web.filter.CorsFilter@6cd8c373, org.springframework.security.web.authentication.logout.LogoutFilter@20724c21, com.borkacle.controller.security.AuthTokenFilter@5978ba12, org.springframework.security.web.savedrequest.RequestCacheAwareFilter@5b312863, org.springframework.security.web.servletapi.SecurityContextHolderAwareRequestFilter@1b897ffb, org.springframework.security.web.authentication.AnonymousAuthenticationFilter@449f9628, org.springframework.security.web.session.SessionManagementFilter@6c3627c, org.springframework.security.web.access.ExceptionTranslationFilter@76ccde41, org.springframework.security.web.access.intercept.FilterSecurityInterceptor@159a32a4]
2025-04-24 19:24:32.765  INFO 4425 --- [main] o.s.b.w.embedded.tomcat.TomcatWebServer  : Tomcat started on port(s): 8080 (http) with context path ''
2025-04-24 19:24:32.771  INFO 4425 --- [main] c.b.controller.ControllerApplication     : Started ControllerApplication in 6.482 seconds (JVM running for 6.638)
2025-04-24 19:24:32.774  INFO 4425 --- [main] c.b.controller.ControllerApplication     : Testing database connection...
2025-04-24 19:24:33.314  INFO 4425 --- [main] c.b.controller.ControllerApplication     : Successfully connected to Oracle Database
2025-04-24 19:24:33.350  INFO 4425 --- [main] c.b.controller.ControllerApplication     : Database test result: Database connection test successful!
2025-04-24 19:24:33.387  INFO 4425 --- [main] c.b.controller.ControllerApplication     : Oracle version: Oracle Database 19c Enterprise Edition Release 19.0.0.0.0 - Production
